/bin/sh: -c: line 0: unexpected EOF while looking for matching `"'
/bin/sh: -c: line 1: syntax error: unexpected end of file
make: *** [cufflinks_assemble/star/merged.gtf] Error 2
Command exited with non-zero status 2
	Command being timed: "make star_cufflinks_ass"
	User time (seconds): 0.10
	System time (seconds): 0.22
	Percent of CPU this job got: 20%
	Elapsed (wall clock) time (h:mm:ss or m:ss): 0:01.60
	Average shared text size (kbytes): 0
	Average unshared data size (kbytes): 0
	Average stack size (kbytes): 0
	Average total size (kbytes): 0
	Maximum resident set size (kbytes): 2220
	Average resident set size (kbytes): 0
	Major (requiring I/O) page faults: 0
	Minor (reclaiming a frame) page faults: 70841
	Voluntary context switches: 6446
	Involuntary context switches: 2603
	Swaps: 0
	File system inputs: 0
	File system outputs: 0
	Socket messages sent: 0
	Socket messages received: 0
	Signals delivered: 0
	Page size (bytes): 4096
	Exit status: 2
