echo "10^6/$(samtools view -F 0x40 align/star/inplanta-3KO-020.bam | cut -f1 | sort | uniq | wc -l)" | bc -l > coverage/star/inplanta-3KO-020-norm_factor.txt.tmp && \
		mv coverage/star/inplanta-3KO-020-norm_factor.txt.tmp coverage/star/inplanta-3KO-020-norm_factor.txt
echo "10^6/$(samtools view -F 0x40 align/star/inplanta-3KO-021.bam | cut -f1 | sort | uniq | wc -l)" | bc -l > coverage/star/inplanta-3KO-021-norm_factor.txt.tmp && \
		mv coverage/star/inplanta-3KO-021-norm_factor.txt.tmp coverage/star/inplanta-3KO-021-norm_factor.txt
echo "10^6/$(samtools view -F 0x40 align/star/inplanta-3KO-022.bam | cut -f1 | sort | uniq | wc -l)" | bc -l > coverage/star/inplanta-3KO-022-norm_factor.txt.tmp && \
		mv coverage/star/inplanta-3KO-022-norm_factor.txt.tmp coverage/star/inplanta-3KO-022-norm_factor.txt
echo "10^6/$(samtools view -F 0x40 align/star/inplanta-3KO-023.bam | cut -f1 | sort | uniq | wc -l)" | bc -l > coverage/star/inplanta-3KO-023-norm_factor.txt.tmp && \
		mv coverage/star/inplanta-3KO-023-norm_factor.txt.tmp coverage/star/inplanta-3KO-023-norm_factor.txt
echo "10^6/$(samtools view -F 0x40 align/star/inplanta-Pf2-024.bam | cut -f1 | sort | uniq | wc -l)" | bc -l > coverage/star/inplanta-Pf2-024-norm_factor.txt.tmp && \
		mv coverage/star/inplanta-Pf2-024-norm_factor.txt.tmp coverage/star/inplanta-Pf2-024-norm_factor.txt
echo "10^6/$(samtools view -F 0x40 align/star/inplanta-Pf2-025.bam | cut -f1 | sort | uniq | wc -l)" | bc -l > coverage/star/inplanta-Pf2-025-norm_factor.txt.tmp && \
		mv coverage/star/inplanta-Pf2-025-norm_factor.txt.tmp coverage/star/inplanta-Pf2-025-norm_factor.txt
echo "10^6/$(samtools view -F 0x40 align/star/inplanta-Pf2-026.bam | cut -f1 | sort | uniq | wc -l)" | bc -l > coverage/star/inplanta-Pf2-026-norm_factor.txt.tmp && \
		mv coverage/star/inplanta-Pf2-026-norm_factor.txt.tmp coverage/star/inplanta-Pf2-026-norm_factor.txt
echo "10^6/$(samtools view -F 0x40 align/star/inplanta-Pf2-027.bam | cut -f1 | sort | uniq | wc -l)" | bc -l > coverage/star/inplanta-Pf2-027-norm_factor.txt.tmp && \
		mv coverage/star/inplanta-Pf2-027-norm_factor.txt.tmp coverage/star/inplanta-Pf2-027-norm_factor.txt
echo "10^6/$(samtools view -F 0x40 align/star/inplanta-SN15-016.bam | cut -f1 | sort | uniq | wc -l)" | bc -l > coverage/star/inplanta-SN15-016-norm_factor.txt.tmp && \
		mv coverage/star/inplanta-SN15-016-norm_factor.txt.tmp coverage/star/inplanta-SN15-016-norm_factor.txt
echo "10^6/$(samtools view -F 0x40 align/star/inplanta-SN15-017.bam | cut -f1 | sort | uniq | wc -l)" | bc -l > coverage/star/inplanta-SN15-017-norm_factor.txt.tmp && \
		mv coverage/star/inplanta-SN15-017-norm_factor.txt.tmp coverage/star/inplanta-SN15-017-norm_factor.txt
echo "10^6/$(samtools view -F 0x40 align/star/inplanta-SN15-018.bam | cut -f1 | sort | uniq | wc -l)" | bc -l > coverage/star/inplanta-SN15-018-norm_factor.txt.tmp && \
		mv coverage/star/inplanta-SN15-018-norm_factor.txt.tmp coverage/star/inplanta-SN15-018-norm_factor.txt
echo "10^6/$(samtools view -F 0x40 align/star/inplanta-SN15-019.bam | cut -f1 | sort | uniq | wc -l)" | bc -l > coverage/star/inplanta-SN15-019-norm_factor.txt.tmp && \
		mv coverage/star/inplanta-SN15-019-norm_factor.txt.tmp coverage/star/inplanta-SN15-019-norm_factor.txt
echo "10^6/$(samtools view -F 0x40 align/star/invitro-3KO-004.bam | cut -f1 | sort | uniq | wc -l)" | bc -l > coverage/star/invitro-3KO-004-norm_factor.txt.tmp && \
		mv coverage/star/invitro-3KO-004-norm_factor.txt.tmp coverage/star/invitro-3KO-004-norm_factor.txt
echo "10^6/$(samtools view -F 0x40 align/star/invitro-3KO-005.bam | cut -f1 | sort | uniq | wc -l)" | bc -l > coverage/star/invitro-3KO-005-norm_factor.txt.tmp && \
		mv coverage/star/invitro-3KO-005-norm_factor.txt.tmp coverage/star/invitro-3KO-005-norm_factor.txt
echo "10^6/$(samtools view -F 0x40 align/star/invitro-3KO-006.bam | cut -f1 | sort | uniq | wc -l)" | bc -l > coverage/star/invitro-3KO-006-norm_factor.txt.tmp && \
		mv coverage/star/invitro-3KO-006-norm_factor.txt.tmp coverage/star/invitro-3KO-006-norm_factor.txt
echo "10^6/$(samtools view -F 0x40 align/star/invitro-3KO-007.bam | cut -f1 | sort | uniq | wc -l)" | bc -l > coverage/star/invitro-3KO-007-norm_factor.txt.tmp && \
		mv coverage/star/invitro-3KO-007-norm_factor.txt.tmp coverage/star/invitro-3KO-007-norm_factor.txt
echo "10^6/$(samtools view -F 0x40 align/star/invitro-Pf2-008.bam | cut -f1 | sort | uniq | wc -l)" | bc -l > coverage/star/invitro-Pf2-008-norm_factor.txt.tmp && \
		mv coverage/star/invitro-Pf2-008-norm_factor.txt.tmp coverage/star/invitro-Pf2-008-norm_factor.txt
echo "10^6/$(samtools view -F 0x40 align/star/invitro-Pf2-009.bam | cut -f1 | sort | uniq | wc -l)" | bc -l > coverage/star/invitro-Pf2-009-norm_factor.txt.tmp && \
		mv coverage/star/invitro-Pf2-009-norm_factor.txt.tmp coverage/star/invitro-Pf2-009-norm_factor.txt
echo "10^6/$(samtools view -F 0x40 align/star/invitro-Pf2-010.bam | cut -f1 | sort | uniq | wc -l)" | bc -l > coverage/star/invitro-Pf2-010-norm_factor.txt.tmp && \
		mv coverage/star/invitro-Pf2-010-norm_factor.txt.tmp coverage/star/invitro-Pf2-010-norm_factor.txt
echo "10^6/$(samtools view -F 0x40 align/star/invitro-Pf2-011.bam | cut -f1 | sort | uniq | wc -l)" | bc -l > coverage/star/invitro-Pf2-011-norm_factor.txt.tmp && \
		mv coverage/star/invitro-Pf2-011-norm_factor.txt.tmp coverage/star/invitro-Pf2-011-norm_factor.txt
echo "10^6/$(samtools view -F 0x40 align/star/invitro-SN15-000.bam | cut -f1 | sort | uniq | wc -l)" | bc -l > coverage/star/invitro-SN15-000-norm_factor.txt.tmp && \
		mv coverage/star/invitro-SN15-000-norm_factor.txt.tmp coverage/star/invitro-SN15-000-norm_factor.txt
echo "10^6/$(samtools view -F 0x40 align/star/invitro-SN15-001.bam | cut -f1 | sort | uniq | wc -l)" | bc -l > coverage/star/invitro-SN15-001-norm_factor.txt.tmp && \
		mv coverage/star/invitro-SN15-001-norm_factor.txt.tmp coverage/star/invitro-SN15-001-norm_factor.txt
echo "10^6/$(samtools view -F 0x40 align/star/invitro-SN15-002.bam | cut -f1 | sort | uniq | wc -l)" | bc -l > coverage/star/invitro-SN15-002-norm_factor.txt.tmp && \
		mv coverage/star/invitro-SN15-002-norm_factor.txt.tmp coverage/star/invitro-SN15-002-norm_factor.txt
echo "10^6/$(samtools view -F 0x40 align/star/invitro-SN15-003.bam | cut -f1 | sort | uniq | wc -l)" | bc -l > coverage/star/invitro-SN15-003-norm_factor.txt.tmp && \
		mv coverage/star/invitro-SN15-003-norm_factor.txt.tmp coverage/star/invitro-SN15-003-norm_factor.txt
bedtools genomecov -bga -split -trackline -scale .11498347342536457235 -strand "+" -ibam align/star/inplanta-3KO-020.bam -g /scratch/y95/darcyabjones/rnaseq-workflow/data/Parastagonospora_nodorum_SN15_scaffolds.fasta > coverage/star/inplanta-3KO-020-coverage-fwd.bedgraph.tmp \
	  && mv coverage/star/inplanta-3KO-020-coverage-fwd.bedgraph.tmp coverage/star/inplanta-3KO-020-coverage-fwd.bedgraph
bedtools genomecov -bga -split -trackline -scale .12654101649892389519 -strand "+" -ibam align/star/inplanta-3KO-021.bam -g /scratch/y95/darcyabjones/rnaseq-workflow/data/Parastagonospora_nodorum_SN15_scaffolds.fasta > coverage/star/inplanta-3KO-021-coverage-fwd.bedgraph.tmp \
	  && mv coverage/star/inplanta-3KO-021-coverage-fwd.bedgraph.tmp coverage/star/inplanta-3KO-021-coverage-fwd.bedgraph
bedtools genomecov -bga -split -trackline -scale .08404941332248759703 -strand "+" -ibam align/star/inplanta-3KO-022.bam -g /scratch/y95/darcyabjones/rnaseq-workflow/data/Parastagonospora_nodorum_SN15_scaffolds.fasta > coverage/star/inplanta-3KO-022-coverage-fwd.bedgraph.tmp \
	  && mv coverage/star/inplanta-3KO-022-coverage-fwd.bedgraph.tmp coverage/star/inplanta-3KO-022-coverage-fwd.bedgraph
bedtools genomecov -bga -split -trackline -scale .11313683878023101184 -strand "+" -ibam align/star/inplanta-3KO-023.bam -g /scratch/y95/darcyabjones/rnaseq-workflow/data/Parastagonospora_nodorum_SN15_scaffolds.fasta > coverage/star/inplanta-3KO-023-coverage-fwd.bedgraph.tmp \
	  && mv coverage/star/inplanta-3KO-023-coverage-fwd.bedgraph.tmp coverage/star/inplanta-3KO-023-coverage-fwd.bedgraph
bedtools genomecov -bga -split -trackline -scale .29379671735051769919 -strand "+" -ibam align/star/inplanta-Pf2-024.bam -g /scratch/y95/darcyabjones/rnaseq-workflow/data/Parastagonospora_nodorum_SN15_scaffolds.fasta > coverage/star/inplanta-Pf2-024-coverage-fwd.bedgraph.tmp \
	  && mv coverage/star/inplanta-Pf2-024-coverage-fwd.bedgraph.tmp coverage/star/inplanta-Pf2-024-coverage-fwd.bedgraph
bedtools genomecov -bga -split -trackline -scale .21716861209928862077 -strand "+" -ibam align/star/inplanta-Pf2-025.bam -g /scratch/y95/darcyabjones/rnaseq-workflow/data/Parastagonospora_nodorum_SN15_scaffolds.fasta > coverage/star/inplanta-Pf2-025-coverage-fwd.bedgraph.tmp \
	  && mv coverage/star/inplanta-Pf2-025-coverage-fwd.bedgraph.tmp coverage/star/inplanta-Pf2-025-coverage-fwd.bedgraph
bedtools genomecov -bga -split -trackline -scale .16722175929665190265 -strand "+" -ibam align/star/inplanta-Pf2-026.bam -g /scratch/y95/darcyabjones/rnaseq-workflow/data/Parastagonospora_nodorum_SN15_scaffolds.fasta > coverage/star/inplanta-Pf2-026-coverage-fwd.bedgraph.tmp \
	  && mv coverage/star/inplanta-Pf2-026-coverage-fwd.bedgraph.tmp coverage/star/inplanta-Pf2-026-coverage-fwd.bedgraph
bedtools genomecov -bga -split -trackline -scale .19718343185932145237 -strand "+" -ibam align/star/inplanta-Pf2-027.bam -g /scratch/y95/darcyabjones/rnaseq-workflow/data/Parastagonospora_nodorum_SN15_scaffolds.fasta > coverage/star/inplanta-Pf2-027-coverage-fwd.bedgraph.tmp \
	  && mv coverage/star/inplanta-Pf2-027-coverage-fwd.bedgraph.tmp coverage/star/inplanta-Pf2-027-coverage-fwd.bedgraph
bedtools genomecov -bga -split -trackline -scale .05414104554480103842 -strand "+" -ibam align/star/inplanta-SN15-016.bam -g /scratch/y95/darcyabjones/rnaseq-workflow/data/Parastagonospora_nodorum_SN15_scaffolds.fasta > coverage/star/inplanta-SN15-016-coverage-fwd.bedgraph.tmp \
	  && mv coverage/star/inplanta-SN15-016-coverage-fwd.bedgraph.tmp coverage/star/inplanta-SN15-016-coverage-fwd.bedgraph
bedtools genomecov -bga -split -trackline -scale .05564659338232904587 -strand "+" -ibam align/star/inplanta-SN15-017.bam -g /scratch/y95/darcyabjones/rnaseq-workflow/data/Parastagonospora_nodorum_SN15_scaffolds.fasta > coverage/star/inplanta-SN15-017-coverage-fwd.bedgraph.tmp \
	  && mv coverage/star/inplanta-SN15-017-coverage-fwd.bedgraph.tmp coverage/star/inplanta-SN15-017-coverage-fwd.bedgraph
bedtools genomecov -bga -split -trackline -scale .05478434416839830847 -strand "+" -ibam align/star/inplanta-SN15-018.bam -g /scratch/y95/darcyabjones/rnaseq-workflow/data/Parastagonospora_nodorum_SN15_scaffolds.fasta > coverage/star/inplanta-SN15-018-coverage-fwd.bedgraph.tmp \
	  && mv coverage/star/inplanta-SN15-018-coverage-fwd.bedgraph.tmp coverage/star/inplanta-SN15-018-coverage-fwd.bedgraph
bedtools genomecov -bga -split -trackline -scale .04435412564556875450 -strand "+" -ibam align/star/inplanta-SN15-019.bam -g /scratch/y95/darcyabjones/rnaseq-workflow/data/Parastagonospora_nodorum_SN15_scaffolds.fasta > coverage/star/inplanta-SN15-019-coverage-fwd.bedgraph.tmp \
	  && mv coverage/star/inplanta-SN15-019-coverage-fwd.bedgraph.tmp coverage/star/inplanta-SN15-019-coverage-fwd.bedgraph
bedtools genomecov -bga -split -trackline -scale .04160296040009733428 -strand "+" -ibam align/star/invitro-3KO-004.bam -g /scratch/y95/darcyabjones/rnaseq-workflow/data/Parastagonospora_nodorum_SN15_scaffolds.fasta > coverage/star/invitro-3KO-004-coverage-fwd.bedgraph.tmp \
	  && mv coverage/star/invitro-3KO-004-coverage-fwd.bedgraph.tmp coverage/star/invitro-3KO-004-coverage-fwd.bedgraph
bedtools genomecov -bga -split -trackline -scale .04154066344925920119 -strand "+" -ibam align/star/invitro-3KO-005.bam -g /scratch/y95/darcyabjones/rnaseq-workflow/data/Parastagonospora_nodorum_SN15_scaffolds.fasta > coverage/star/invitro-3KO-005-coverage-fwd.bedgraph.tmp \
	  && mv coverage/star/invitro-3KO-005-coverage-fwd.bedgraph.tmp coverage/star/invitro-3KO-005-coverage-fwd.bedgraph
bedtools genomecov -bga -split -trackline -scale .04587927282270161474 -strand "+" -ibam align/star/invitro-3KO-006.bam -g /scratch/y95/darcyabjones/rnaseq-workflow/data/Parastagonospora_nodorum_SN15_scaffolds.fasta > coverage/star/invitro-3KO-006-coverage-fwd.bedgraph.tmp \
	  && mv coverage/star/invitro-3KO-006-coverage-fwd.bedgraph.tmp coverage/star/invitro-3KO-006-coverage-fwd.bedgraph
bedtools genomecov -bga -split -trackline -scale .04427523825833963960 -strand "+" -ibam align/star/invitro-3KO-007.bam -g /scratch/y95/darcyabjones/rnaseq-workflow/data/Parastagonospora_nodorum_SN15_scaffolds.fasta > coverage/star/invitro-3KO-007-coverage-fwd.bedgraph.tmp \
	  && mv coverage/star/invitro-3KO-007-coverage-fwd.bedgraph.tmp coverage/star/invitro-3KO-007-coverage-fwd.bedgraph
bedtools genomecov -bga -split -trackline -scale .04263337307190037365 -strand "+" -ibam align/star/invitro-Pf2-008.bam -g /scratch/y95/darcyabjones/rnaseq-workflow/data/Parastagonospora_nodorum_SN15_scaffolds.fasta > coverage/star/invitro-Pf2-008-coverage-fwd.bedgraph.tmp \
	  && mv coverage/star/invitro-Pf2-008-coverage-fwd.bedgraph.tmp coverage/star/invitro-Pf2-008-coverage-fwd.bedgraph
bedtools genomecov -bga -split -trackline -scale .04335203294373005833 -strand "+" -ibam align/star/invitro-Pf2-009.bam -g /scratch/y95/darcyabjones/rnaseq-workflow/data/Parastagonospora_nodorum_SN15_scaffolds.fasta > coverage/star/invitro-Pf2-009-coverage-fwd.bedgraph.tmp \
	  && mv coverage/star/invitro-Pf2-009-coverage-fwd.bedgraph.tmp coverage/star/invitro-Pf2-009-coverage-fwd.bedgraph
bedtools genomecov -bga -split -trackline -scale .04693446596838193991 -strand "+" -ibam align/star/invitro-Pf2-010.bam -g /scratch/y95/darcyabjones/rnaseq-workflow/data/Parastagonospora_nodorum_SN15_scaffolds.fasta > coverage/star/invitro-Pf2-010-coverage-fwd.bedgraph.tmp \
	  && mv coverage/star/invitro-Pf2-010-coverage-fwd.bedgraph.tmp coverage/star/invitro-Pf2-010-coverage-fwd.bedgraph
bedtools genomecov -bga -split -trackline -scale .04231217414336887838 -strand "+" -ibam align/star/invitro-Pf2-011.bam -g /scratch/y95/darcyabjones/rnaseq-workflow/data/Parastagonospora_nodorum_SN15_scaffolds.fasta > coverage/star/invitro-Pf2-011-coverage-fwd.bedgraph.tmp \
	  && mv coverage/star/invitro-Pf2-011-coverage-fwd.bedgraph.tmp coverage/star/invitro-Pf2-011-coverage-fwd.bedgraph
bedtools genomecov -bga -split -trackline -scale .04364511614860132023 -strand "+" -ibam align/star/invitro-SN15-000.bam -g /scratch/y95/darcyabjones/rnaseq-workflow/data/Parastagonospora_nodorum_SN15_scaffolds.fasta > coverage/star/invitro-SN15-000-coverage-fwd.bedgraph.tmp \
	  && mv coverage/star/invitro-SN15-000-coverage-fwd.bedgraph.tmp coverage/star/invitro-SN15-000-coverage-fwd.bedgraph
bedtools genomecov -bga -split -trackline -scale .04222955852881677506 -strand "+" -ibam align/star/invitro-SN15-001.bam -g /scratch/y95/darcyabjones/rnaseq-workflow/data/Parastagonospora_nodorum_SN15_scaffolds.fasta > coverage/star/invitro-SN15-001-coverage-fwd.bedgraph.tmp \
	  && mv coverage/star/invitro-SN15-001-coverage-fwd.bedgraph.tmp coverage/star/invitro-SN15-001-coverage-fwd.bedgraph
bedtools genomecov -bga -split -trackline -scale .04890257008924181113 -strand "+" -ibam align/star/invitro-SN15-002.bam -g /scratch/y95/darcyabjones/rnaseq-workflow/data/Parastagonospora_nodorum_SN15_scaffolds.fasta > coverage/star/invitro-SN15-002-coverage-fwd.bedgraph.tmp \
	  && mv coverage/star/invitro-SN15-002-coverage-fwd.bedgraph.tmp coverage/star/invitro-SN15-002-coverage-fwd.bedgraph
bedtools genomecov -bga -split -trackline -scale .11498347342536457235 -strand "-" -ibam align/star/inplanta-3KO-020.bam -g /scratch/y95/darcyabjones/rnaseq-workflow/data/Parastagonospora_nodorum_SN15_scaffolds.fasta > coverage/star/inplanta-3KO-020-coverage-rev.bedgraph.tmp \
	  && mv coverage/star/inplanta-3KO-020-coverage-rev.bedgraph.tmp coverage/star/inplanta-3KO-020-coverage-rev.bedgraph
bedtools genomecov -bga -split -trackline -scale .12654101649892389519 -strand "-" -ibam align/star/inplanta-3KO-021.bam -g /scratch/y95/darcyabjones/rnaseq-workflow/data/Parastagonospora_nodorum_SN15_scaffolds.fasta > coverage/star/inplanta-3KO-021-coverage-rev.bedgraph.tmp \
	  && mv coverage/star/inplanta-3KO-021-coverage-rev.bedgraph.tmp coverage/star/inplanta-3KO-021-coverage-rev.bedgraph
bedtools genomecov -bga -split -trackline -scale .08404941332248759703 -strand "-" -ibam align/star/inplanta-3KO-022.bam -g /scratch/y95/darcyabjones/rnaseq-workflow/data/Parastagonospora_nodorum_SN15_scaffolds.fasta > coverage/star/inplanta-3KO-022-coverage-rev.bedgraph.tmp \
	  && mv coverage/star/inplanta-3KO-022-coverage-rev.bedgraph.tmp coverage/star/inplanta-3KO-022-coverage-rev.bedgraph
bedtools genomecov -bga -split -trackline -scale .11313683878023101184 -strand "-" -ibam align/star/inplanta-3KO-023.bam -g /scratch/y95/darcyabjones/rnaseq-workflow/data/Parastagonospora_nodorum_SN15_scaffolds.fasta > coverage/star/inplanta-3KO-023-coverage-rev.bedgraph.tmp \
	  && mv coverage/star/inplanta-3KO-023-coverage-rev.bedgraph.tmp coverage/star/inplanta-3KO-023-coverage-rev.bedgraph
bedtools genomecov -bga -split -trackline -scale .29379671735051769919 -strand "-" -ibam align/star/inplanta-Pf2-024.bam -g /scratch/y95/darcyabjones/rnaseq-workflow/data/Parastagonospora_nodorum_SN15_scaffolds.fasta > coverage/star/inplanta-Pf2-024-coverage-rev.bedgraph.tmp \
	  && mv coverage/star/inplanta-Pf2-024-coverage-rev.bedgraph.tmp coverage/star/inplanta-Pf2-024-coverage-rev.bedgraph
bedtools genomecov -bga -split -trackline -scale .21716861209928862077 -strand "-" -ibam align/star/inplanta-Pf2-025.bam -g /scratch/y95/darcyabjones/rnaseq-workflow/data/Parastagonospora_nodorum_SN15_scaffolds.fasta > coverage/star/inplanta-Pf2-025-coverage-rev.bedgraph.tmp \
	  && mv coverage/star/inplanta-Pf2-025-coverage-rev.bedgraph.tmp coverage/star/inplanta-Pf2-025-coverage-rev.bedgraph
bedtools genomecov -bga -split -trackline -scale .16722175929665190265 -strand "-" -ibam align/star/inplanta-Pf2-026.bam -g /scratch/y95/darcyabjones/rnaseq-workflow/data/Parastagonospora_nodorum_SN15_scaffolds.fasta > coverage/star/inplanta-Pf2-026-coverage-rev.bedgraph.tmp \
	  && mv coverage/star/inplanta-Pf2-026-coverage-rev.bedgraph.tmp coverage/star/inplanta-Pf2-026-coverage-rev.bedgraph
bedtools genomecov -bga -split -trackline -scale .19718343185932145237 -strand "-" -ibam align/star/inplanta-Pf2-027.bam -g /scratch/y95/darcyabjones/rnaseq-workflow/data/Parastagonospora_nodorum_SN15_scaffolds.fasta > coverage/star/inplanta-Pf2-027-coverage-rev.bedgraph.tmp \
	  && mv coverage/star/inplanta-Pf2-027-coverage-rev.bedgraph.tmp coverage/star/inplanta-Pf2-027-coverage-rev.bedgraph
bedtools genomecov -bga -split -trackline -scale .05414104554480103842 -strand "-" -ibam align/star/inplanta-SN15-016.bam -g /scratch/y95/darcyabjones/rnaseq-workflow/data/Parastagonospora_nodorum_SN15_scaffolds.fasta > coverage/star/inplanta-SN15-016-coverage-rev.bedgraph.tmp \
	  && mv coverage/star/inplanta-SN15-016-coverage-rev.bedgraph.tmp coverage/star/inplanta-SN15-016-coverage-rev.bedgraph
bedtools genomecov -bga -split -trackline -scale .05564659338232904587 -strand "-" -ibam align/star/inplanta-SN15-017.bam -g /scratch/y95/darcyabjones/rnaseq-workflow/data/Parastagonospora_nodorum_SN15_scaffolds.fasta > coverage/star/inplanta-SN15-017-coverage-rev.bedgraph.tmp \
	  && mv coverage/star/inplanta-SN15-017-coverage-rev.bedgraph.tmp coverage/star/inplanta-SN15-017-coverage-rev.bedgraph
bedtools genomecov -bga -split -trackline -scale .05478434416839830847 -strand "-" -ibam align/star/inplanta-SN15-018.bam -g /scratch/y95/darcyabjones/rnaseq-workflow/data/Parastagonospora_nodorum_SN15_scaffolds.fasta > coverage/star/inplanta-SN15-018-coverage-rev.bedgraph.tmp \
	  && mv coverage/star/inplanta-SN15-018-coverage-rev.bedgraph.tmp coverage/star/inplanta-SN15-018-coverage-rev.bedgraph
bedtools genomecov -bga -split -trackline -scale .04435412564556875450 -strand "-" -ibam align/star/inplanta-SN15-019.bam -g /scratch/y95/darcyabjones/rnaseq-workflow/data/Parastagonospora_nodorum_SN15_scaffolds.fasta > coverage/star/inplanta-SN15-019-coverage-rev.bedgraph.tmp \
	  && mv coverage/star/inplanta-SN15-019-coverage-rev.bedgraph.tmp coverage/star/inplanta-SN15-019-coverage-rev.bedgraph
bedtools genomecov -bga -split -trackline -scale .04160296040009733428 -strand "-" -ibam align/star/invitro-3KO-004.bam -g /scratch/y95/darcyabjones/rnaseq-workflow/data/Parastagonospora_nodorum_SN15_scaffolds.fasta > coverage/star/invitro-3KO-004-coverage-rev.bedgraph.tmp \
	  && mv coverage/star/invitro-3KO-004-coverage-rev.bedgraph.tmp coverage/star/invitro-3KO-004-coverage-rev.bedgraph
bedtools genomecov -bga -split -trackline -scale .04154066344925920119 -strand "-" -ibam align/star/invitro-3KO-005.bam -g /scratch/y95/darcyabjones/rnaseq-workflow/data/Parastagonospora_nodorum_SN15_scaffolds.fasta > coverage/star/invitro-3KO-005-coverage-rev.bedgraph.tmp \
	  && mv coverage/star/invitro-3KO-005-coverage-rev.bedgraph.tmp coverage/star/invitro-3KO-005-coverage-rev.bedgraph
bedtools genomecov -bga -split -trackline -scale .04587927282270161474 -strand "-" -ibam align/star/invitro-3KO-006.bam -g /scratch/y95/darcyabjones/rnaseq-workflow/data/Parastagonospora_nodorum_SN15_scaffolds.fasta > coverage/star/invitro-3KO-006-coverage-rev.bedgraph.tmp \
	  && mv coverage/star/invitro-3KO-006-coverage-rev.bedgraph.tmp coverage/star/invitro-3KO-006-coverage-rev.bedgraph
bedtools genomecov -bga -split -trackline -scale .04427523825833963960 -strand "-" -ibam align/star/invitro-3KO-007.bam -g /scratch/y95/darcyabjones/rnaseq-workflow/data/Parastagonospora_nodorum_SN15_scaffolds.fasta > coverage/star/invitro-3KO-007-coverage-rev.bedgraph.tmp \
	  && mv coverage/star/invitro-3KO-007-coverage-rev.bedgraph.tmp coverage/star/invitro-3KO-007-coverage-rev.bedgraph
bedtools genomecov -bga -split -trackline -scale .04263337307190037365 -strand "-" -ibam align/star/invitro-Pf2-008.bam -g /scratch/y95/darcyabjones/rnaseq-workflow/data/Parastagonospora_nodorum_SN15_scaffolds.fasta > coverage/star/invitro-Pf2-008-coverage-rev.bedgraph.tmp \
	  && mv coverage/star/invitro-Pf2-008-coverage-rev.bedgraph.tmp coverage/star/invitro-Pf2-008-coverage-rev.bedgraph
bedtools genomecov -bga -split -trackline -scale .04335203294373005833 -strand "-" -ibam align/star/invitro-Pf2-009.bam -g /scratch/y95/darcyabjones/rnaseq-workflow/data/Parastagonospora_nodorum_SN15_scaffolds.fasta > coverage/star/invitro-Pf2-009-coverage-rev.bedgraph.tmp \
	  && mv coverage/star/invitro-Pf2-009-coverage-rev.bedgraph.tmp coverage/star/invitro-Pf2-009-coverage-rev.bedgraph
bedtools genomecov -bga -split -trackline -scale .04693446596838193991 -strand "-" -ibam align/star/invitro-Pf2-010.bam -g /scratch/y95/darcyabjones/rnaseq-workflow/data/Parastagonospora_nodorum_SN15_scaffolds.fasta > coverage/star/invitro-Pf2-010-coverage-rev.bedgraph.tmp \
	  && mv coverage/star/invitro-Pf2-010-coverage-rev.bedgraph.tmp coverage/star/invitro-Pf2-010-coverage-rev.bedgraph
bedtools genomecov -bga -split -trackline -scale .04231217414336887838 -strand "-" -ibam align/star/invitro-Pf2-011.bam -g /scratch/y95/darcyabjones/rnaseq-workflow/data/Parastagonospora_nodorum_SN15_scaffolds.fasta > coverage/star/invitro-Pf2-011-coverage-rev.bedgraph.tmp \
	  && mv coverage/star/invitro-Pf2-011-coverage-rev.bedgraph.tmp coverage/star/invitro-Pf2-011-coverage-rev.bedgraph
bedtools genomecov -bga -split -trackline -scale .04364511614860132023 -strand "-" -ibam align/star/invitro-SN15-000.bam -g /scratch/y95/darcyabjones/rnaseq-workflow/data/Parastagonospora_nodorum_SN15_scaffolds.fasta > coverage/star/invitro-SN15-000-coverage-rev.bedgraph.tmp \
	  && mv coverage/star/invitro-SN15-000-coverage-rev.bedgraph.tmp coverage/star/invitro-SN15-000-coverage-rev.bedgraph
bedtools genomecov -bga -split -trackline -scale .04222955852881677506 -strand "-" -ibam align/star/invitro-SN15-001.bam -g /scratch/y95/darcyabjones/rnaseq-workflow/data/Parastagonospora_nodorum_SN15_scaffolds.fasta > coverage/star/invitro-SN15-001-coverage-rev.bedgraph.tmp \
	  && mv coverage/star/invitro-SN15-001-coverage-rev.bedgraph.tmp coverage/star/invitro-SN15-001-coverage-rev.bedgraph
bedtools genomecov -bga -split -trackline -scale .04890257008924181113 -strand "-" -ibam align/star/invitro-SN15-002.bam -g /scratch/y95/darcyabjones/rnaseq-workflow/data/Parastagonospora_nodorum_SN15_scaffolds.fasta > coverage/star/invitro-SN15-002-coverage-rev.bedgraph.tmp \
	  && mv coverage/star/invitro-SN15-002-coverage-rev.bedgraph.tmp coverage/star/invitro-SN15-002-coverage-rev.bedgraph
bedtools genomecov -bga -split -trackline -scale .04403092362215461714 -strand "-" -ibam align/star/invitro-SN15-003.bam -g /scratch/y95/darcyabjones/rnaseq-workflow/data/Parastagonospora_nodorum_SN15_scaffolds.fasta > coverage/star/invitro-SN15-003-coverage-rev.bedgraph.tmp \
	  && mv coverage/star/invitro-SN15-003-coverage-rev.bedgraph.tmp coverage/star/invitro-SN15-003-coverage-rev.bedgraph
bedtools genomecov -bga -split -trackline -scale .11498347342536457235 -ibam align/star/inplanta-3KO-020.bam -g /scratch/y95/darcyabjones/rnaseq-workflow/data/Parastagonospora_nodorum_SN15_scaffolds.fasta > coverage/star/inplanta-3KO-020-coverage.bedgraph.tmp \
	  && mv coverage/star/inplanta-3KO-020-coverage.bedgraph.tmp coverage/star/inplanta-3KO-020-coverage.bedgraph
bedtools genomecov -bga -split -trackline -scale .12654101649892389519 -ibam align/star/inplanta-3KO-021.bam -g /scratch/y95/darcyabjones/rnaseq-workflow/data/Parastagonospora_nodorum_SN15_scaffolds.fasta > coverage/star/inplanta-3KO-021-coverage.bedgraph.tmp \
	  && mv coverage/star/inplanta-3KO-021-coverage.bedgraph.tmp coverage/star/inplanta-3KO-021-coverage.bedgraph
bedtools genomecov -bga -split -trackline -scale .08404941332248759703 -ibam align/star/inplanta-3KO-022.bam -g /scratch/y95/darcyabjones/rnaseq-workflow/data/Parastagonospora_nodorum_SN15_scaffolds.fasta > coverage/star/inplanta-3KO-022-coverage.bedgraph.tmp \
	  && mv coverage/star/inplanta-3KO-022-coverage.bedgraph.tmp coverage/star/inplanta-3KO-022-coverage.bedgraph
bedtools genomecov -bga -split -trackline -scale .11313683878023101184 -ibam align/star/inplanta-3KO-023.bam -g /scratch/y95/darcyabjones/rnaseq-workflow/data/Parastagonospora_nodorum_SN15_scaffolds.fasta > coverage/star/inplanta-3KO-023-coverage.bedgraph.tmp \
	  && mv coverage/star/inplanta-3KO-023-coverage.bedgraph.tmp coverage/star/inplanta-3KO-023-coverage.bedgraph
bedtools genomecov -bga -split -trackline -scale .29379671735051769919 -ibam align/star/inplanta-Pf2-024.bam -g /scratch/y95/darcyabjones/rnaseq-workflow/data/Parastagonospora_nodorum_SN15_scaffolds.fasta > coverage/star/inplanta-Pf2-024-coverage.bedgraph.tmp \
	  && mv coverage/star/inplanta-Pf2-024-coverage.bedgraph.tmp coverage/star/inplanta-Pf2-024-coverage.bedgraph
bedtools genomecov -bga -split -trackline -scale .21716861209928862077 -ibam align/star/inplanta-Pf2-025.bam -g /scratch/y95/darcyabjones/rnaseq-workflow/data/Parastagonospora_nodorum_SN15_scaffolds.fasta > coverage/star/inplanta-Pf2-025-coverage.bedgraph.tmp \
	  && mv coverage/star/inplanta-Pf2-025-coverage.bedgraph.tmp coverage/star/inplanta-Pf2-025-coverage.bedgraph
bedtools genomecov -bga -split -trackline -scale .16722175929665190265 -ibam align/star/inplanta-Pf2-026.bam -g /scratch/y95/darcyabjones/rnaseq-workflow/data/Parastagonospora_nodorum_SN15_scaffolds.fasta > coverage/star/inplanta-Pf2-026-coverage.bedgraph.tmp \
	  && mv coverage/star/inplanta-Pf2-026-coverage.bedgraph.tmp coverage/star/inplanta-Pf2-026-coverage.bedgraph
bedtools genomecov -bga -split -trackline -scale .19718343185932145237 -ibam align/star/inplanta-Pf2-027.bam -g /scratch/y95/darcyabjones/rnaseq-workflow/data/Parastagonospora_nodorum_SN15_scaffolds.fasta > coverage/star/inplanta-Pf2-027-coverage.bedgraph.tmp \
	  && mv coverage/star/inplanta-Pf2-027-coverage.bedgraph.tmp coverage/star/inplanta-Pf2-027-coverage.bedgraph
bedtools genomecov -bga -split -trackline -scale .05414104554480103842 -ibam align/star/inplanta-SN15-016.bam -g /scratch/y95/darcyabjones/rnaseq-workflow/data/Parastagonospora_nodorum_SN15_scaffolds.fasta > coverage/star/inplanta-SN15-016-coverage.bedgraph.tmp \
	  && mv coverage/star/inplanta-SN15-016-coverage.bedgraph.tmp coverage/star/inplanta-SN15-016-coverage.bedgraph
bedtools genomecov -bga -split -trackline -scale .05564659338232904587 -ibam align/star/inplanta-SN15-017.bam -g /scratch/y95/darcyabjones/rnaseq-workflow/data/Parastagonospora_nodorum_SN15_scaffolds.fasta > coverage/star/inplanta-SN15-017-coverage.bedgraph.tmp \
	  && mv coverage/star/inplanta-SN15-017-coverage.bedgraph.tmp coverage/star/inplanta-SN15-017-coverage.bedgraph
bedtools genomecov -bga -split -trackline -scale .05478434416839830847 -ibam align/star/inplanta-SN15-018.bam -g /scratch/y95/darcyabjones/rnaseq-workflow/data/Parastagonospora_nodorum_SN15_scaffolds.fasta > coverage/star/inplanta-SN15-018-coverage.bedgraph.tmp \
	  && mv coverage/star/inplanta-SN15-018-coverage.bedgraph.tmp coverage/star/inplanta-SN15-018-coverage.bedgraph
bedtools genomecov -bga -split -trackline -scale .04435412564556875450 -ibam align/star/inplanta-SN15-019.bam -g /scratch/y95/darcyabjones/rnaseq-workflow/data/Parastagonospora_nodorum_SN15_scaffolds.fasta > coverage/star/inplanta-SN15-019-coverage.bedgraph.tmp \
	  && mv coverage/star/inplanta-SN15-019-coverage.bedgraph.tmp coverage/star/inplanta-SN15-019-coverage.bedgraph
bedtools genomecov -bga -split -trackline -scale .04160296040009733428 -ibam align/star/invitro-3KO-004.bam -g /scratch/y95/darcyabjones/rnaseq-workflow/data/Parastagonospora_nodorum_SN15_scaffolds.fasta > coverage/star/invitro-3KO-004-coverage.bedgraph.tmp \
	  && mv coverage/star/invitro-3KO-004-coverage.bedgraph.tmp coverage/star/invitro-3KO-004-coverage.bedgraph
bedtools genomecov -bga -split -trackline -scale .04154066344925920119 -ibam align/star/invitro-3KO-005.bam -g /scratch/y95/darcyabjones/rnaseq-workflow/data/Parastagonospora_nodorum_SN15_scaffolds.fasta > coverage/star/invitro-3KO-005-coverage.bedgraph.tmp \
	  && mv coverage/star/invitro-3KO-005-coverage.bedgraph.tmp coverage/star/invitro-3KO-005-coverage.bedgraph
bedtools genomecov -bga -split -trackline -scale .04587927282270161474 -ibam align/star/invitro-3KO-006.bam -g /scratch/y95/darcyabjones/rnaseq-workflow/data/Parastagonospora_nodorum_SN15_scaffolds.fasta > coverage/star/invitro-3KO-006-coverage.bedgraph.tmp \
	  && mv coverage/star/invitro-3KO-006-coverage.bedgraph.tmp coverage/star/invitro-3KO-006-coverage.bedgraph
bedtools genomecov -bga -split -trackline -scale .04427523825833963960 -ibam align/star/invitro-3KO-007.bam -g /scratch/y95/darcyabjones/rnaseq-workflow/data/Parastagonospora_nodorum_SN15_scaffolds.fasta > coverage/star/invitro-3KO-007-coverage.bedgraph.tmp \
	  && mv coverage/star/invitro-3KO-007-coverage.bedgraph.tmp coverage/star/invitro-3KO-007-coverage.bedgraph
bedtools genomecov -bga -split -trackline -scale .04263337307190037365 -ibam align/star/invitro-Pf2-008.bam -g /scratch/y95/darcyabjones/rnaseq-workflow/data/Parastagonospora_nodorum_SN15_scaffolds.fasta > coverage/star/invitro-Pf2-008-coverage.bedgraph.tmp \
	  && mv coverage/star/invitro-Pf2-008-coverage.bedgraph.tmp coverage/star/invitro-Pf2-008-coverage.bedgraph
bedtools genomecov -bga -split -trackline -scale .04335203294373005833 -ibam align/star/invitro-Pf2-009.bam -g /scratch/y95/darcyabjones/rnaseq-workflow/data/Parastagonospora_nodorum_SN15_scaffolds.fasta > coverage/star/invitro-Pf2-009-coverage.bedgraph.tmp \
	  && mv coverage/star/invitro-Pf2-009-coverage.bedgraph.tmp coverage/star/invitro-Pf2-009-coverage.bedgraph
bedtools genomecov -bga -split -trackline -scale .04693446596838193991 -ibam align/star/invitro-Pf2-010.bam -g /scratch/y95/darcyabjones/rnaseq-workflow/data/Parastagonospora_nodorum_SN15_scaffolds.fasta > coverage/star/invitro-Pf2-010-coverage.bedgraph.tmp \
	  && mv coverage/star/invitro-Pf2-010-coverage.bedgraph.tmp coverage/star/invitro-Pf2-010-coverage.bedgraph
bedtools genomecov -bga -split -trackline -scale .04231217414336887838 -ibam align/star/invitro-Pf2-011.bam -g /scratch/y95/darcyabjones/rnaseq-workflow/data/Parastagonospora_nodorum_SN15_scaffolds.fasta > coverage/star/invitro-Pf2-011-coverage.bedgraph.tmp \
	  && mv coverage/star/invitro-Pf2-011-coverage.bedgraph.tmp coverage/star/invitro-Pf2-011-coverage.bedgraph
bedtools genomecov -bga -split -trackline -scale .04364511614860132023 -ibam align/star/invitro-SN15-000.bam -g /scratch/y95/darcyabjones/rnaseq-workflow/data/Parastagonospora_nodorum_SN15_scaffolds.fasta > coverage/star/invitro-SN15-000-coverage.bedgraph.tmp \
	  && mv coverage/star/invitro-SN15-000-coverage.bedgraph.tmp coverage/star/invitro-SN15-000-coverage.bedgraph
bedtools genomecov -bga -split -trackline -scale .04222955852881677506 -ibam align/star/invitro-SN15-001.bam -g /scratch/y95/darcyabjones/rnaseq-workflow/data/Parastagonospora_nodorum_SN15_scaffolds.fasta > coverage/star/invitro-SN15-001-coverage.bedgraph.tmp \
	  && mv coverage/star/invitro-SN15-001-coverage.bedgraph.tmp coverage/star/invitro-SN15-001-coverage.bedgraph
bedtools genomecov -bga -split -trackline -scale .04890257008924181113 -ibam align/star/invitro-SN15-002.bam -g /scratch/y95/darcyabjones/rnaseq-workflow/data/Parastagonospora_nodorum_SN15_scaffolds.fasta > coverage/star/invitro-SN15-002-coverage.bedgraph.tmp \
	  && mv coverage/star/invitro-SN15-002-coverage.bedgraph.tmp coverage/star/invitro-SN15-002-coverage.bedgraph
bedtools genomecov -bga -split -trackline -scale .04403092362215461714 -ibam align/star/invitro-SN15-003.bam -g /scratch/y95/darcyabjones/rnaseq-workflow/data/Parastagonospora_nodorum_SN15_scaffolds.fasta > coverage/star/invitro-SN15-003-coverage.bedgraph.tmp \
	  && mv coverage/star/invitro-SN15-003-coverage.bedgraph.tmp coverage/star/invitro-SN15-003-coverage.bedgraph
bedtools genomecov -bga -split -trackline -scale .04403092362215461714 -strand "+" -ibam align/star/invitro-SN15-003.bam -g /scratch/y95/darcyabjones/rnaseq-workflow/data/Parastagonospora_nodorum_SN15_scaffolds.fasta > coverage/star/invitro-SN15-003-coverage-fwd.bedgraph.tmp \
	  && mv coverage/star/invitro-SN15-003-coverage-fwd.bedgraph.tmp coverage/star/invitro-SN15-003-coverage-fwd.bedgraph
rm coverage/star/inplanta-Pf2-027-norm_factor.txt coverage/star/invitro-3KO-005-norm_factor.txt coverage/star/inplanta-Pf2-026-norm_factor.txt coverage/star/invitro-3KO-007-norm_factor.txt coverage/star/inplanta-SN15-018-norm_factor.txt coverage/star/invitro-SN15-000-norm_factor.txt coverage/star/invitro-Pf2-009-norm_factor.txt coverage/star/inplanta-3KO-021-norm_factor.txt coverage/star/inplanta-SN15-017-norm_factor.txt coverage/star/inplanta-3KO-022-norm_factor.txt coverage/star/invitro-Pf2-010-norm_factor.txt coverage/star/inplanta-SN15-016-norm_factor.txt coverage/star/invitro-Pf2-008-norm_factor.txt coverage/star/invitro-SN15-003-norm_factor.txt coverage/star/invitro-3KO-004-norm_factor.txt coverage/star/inplanta-3KO-023-norm_factor.txt coverage/star/invitro-SN15-002-norm_factor.txt coverage/star/inplanta-3KO-020-norm_factor.txt coverage/star/invitro-3KO-006-norm_factor.txt coverage/star/inplanta-SN15-019-norm_factor.txt coverage/star/invitro-Pf2-011-norm_factor.txt coverage/star/inplanta-Pf2-024-norm_factor.txt coverage/star/inplanta-Pf2-025-norm_factor.txt coverage/star/invitro-SN15-001-norm_factor.txt
	Command being timed: "make -j 12 star_coverage"
	User time (seconds): 46322.69
	System time (seconds): 8564.17
	Percent of CPU this job got: 998%
	Elapsed (wall clock) time (h:mm:ss or m:ss): 1:31:39
	Average shared text size (kbytes): 0
	Average unshared data size (kbytes): 0
	Average stack size (kbytes): 0
	Average total size (kbytes): 0
	Maximum resident set size (kbytes): 25652
	Average resident set size (kbytes): 0
	Major (requiring I/O) page faults: 5
	Minor (reclaiming a frame) page faults: 1073550
	Voluntary context switches: 27675775
	Involuntary context switches: 22218486
	Swaps: 0
	File system inputs: 0
	File system outputs: 0
	Socket messages sent: 0
	Socket messages received: 0
	Signals delivered: 0
	Page size (bytes): 4096
	Exit status: 0
