STAR \
		--runThreadN 24 \
		--readFilesCommand zcat \
		--genomeDir genome_index/star \
		--sjdbFileChrStartEnd genome_index/star/*SJ.out.tab \
		--outSAMtype BAM Unsorted \
		--outBAMcompression 1 \
		--outSJfilterReads All \
		--outSJfilterCountUniqueMin 10 5 5 5 \
		--outSJfilterIntronMaxVsReadN 0 1 500 5000 10000 20000 \
		--alignIntronMin 5 \
		--alignIntronMax 10000 \
		--alignSJoverhangMin 10 \
		--alignSJDBoverhangMin 1 \
		--alignSoftClipAtReferenceEnds No \
		--outFilterType BySJout \
		--outFilterMultimapNmax 1 \
		--outFilterMismatchNmax 10 \
		--outFilterMismatchNoverLmax 0.2 \
		--outMultimapperOrder Random \
		--outSAMattributes All \
		--outSAMstrandField intronMotif\
		--outSAMattrIHstart 0 \
		--outSAMmapqUnique 50 \
		--outFileNamePrefix align/star/inplanta-3KO-020. \
		--readFilesIn /scratch/y95/darcyabjones/rnaseq-workflow/data/inplanta-3KO-020-R1.fastq.gz /scratch/y95/darcyabjones/rnaseq-workflow/data/inplanta-3KO-020-R2.fastq.gz \
	&&  samtools view \
	  	-uT /scratch/y95/darcyabjones/rnaseq-workflow/data/Parastagonospora_nodorum_SN15_scaffolds.fasta \
			align/star/inplanta-3KO-020.Aligned.out.bam \
		|  samtools sort \
		  -O BAM \
			-@ 24 \
			-l 9 \
			-o align/star/inplanta-3KO-020.bam \
	&& rm align/star/inplanta-3KO-020.Aligned.out.bam
Feb 20 16:27:12 ..... Started STAR run
Feb 20 16:27:13 ..... Loading genome
Feb 20 16:27:15 ..... Inserting junctions into the genome indices
Feb 20 16:27:20 ..... Started mapping
Feb 20 16:29:24 ..... Finished successfully
STAR \
		--runThreadN 24 \
		--readFilesCommand zcat \
		--genomeDir genome_index/star \
		--sjdbFileChrStartEnd genome_index/star/*SJ.out.tab \
		--outSAMtype BAM Unsorted \
		--outBAMcompression 1 \
		--outSJfilterReads All \
		--outSJfilterCountUniqueMin 10 5 5 5 \
		--outSJfilterIntronMaxVsReadN 0 1 500 5000 10000 20000 \
		--alignIntronMin 5 \
		--alignIntronMax 10000 \
		--alignSJoverhangMin 10 \
		--alignSJDBoverhangMin 1 \
		--alignSoftClipAtReferenceEnds No \
		--outFilterType BySJout \
		--outFilterMultimapNmax 1 \
		--outFilterMismatchNmax 10 \
		--outFilterMismatchNoverLmax 0.2 \
		--outMultimapperOrder Random \
		--outSAMattributes All \
		--outSAMstrandField intronMotif\
		--outSAMattrIHstart 0 \
		--outSAMmapqUnique 50 \
		--outFileNamePrefix align/star/inplanta-3KO-021. \
		--readFilesIn /scratch/y95/darcyabjones/rnaseq-workflow/data/inplanta-3KO-021-R1.fastq.gz /scratch/y95/darcyabjones/rnaseq-workflow/data/inplanta-3KO-021-R2.fastq.gz \
	&&  samtools view \
	  	-uT /scratch/y95/darcyabjones/rnaseq-workflow/data/Parastagonospora_nodorum_SN15_scaffolds.fasta \
			align/star/inplanta-3KO-021.Aligned.out.bam \
		|  samtools sort \
		  -O BAM \
			-@ 24 \
			-l 9 \
			-o align/star/inplanta-3KO-021.bam \
	&& rm align/star/inplanta-3KO-021.Aligned.out.bam
Feb 20 16:32:23 ..... Started STAR run
Feb 20 16:32:23 ..... Loading genome
Feb 20 16:32:24 ..... Inserting junctions into the genome indices
Feb 20 16:32:29 ..... Started mapping
Feb 20 16:34:21 ..... Finished successfully
STAR \
		--runThreadN 24 \
		--readFilesCommand zcat \
		--genomeDir genome_index/star \
		--sjdbFileChrStartEnd genome_index/star/*SJ.out.tab \
		--outSAMtype BAM Unsorted \
		--outBAMcompression 1 \
		--outSJfilterReads All \
		--outSJfilterCountUniqueMin 10 5 5 5 \
		--outSJfilterIntronMaxVsReadN 0 1 500 5000 10000 20000 \
		--alignIntronMin 5 \
		--alignIntronMax 10000 \
		--alignSJoverhangMin 10 \
		--alignSJDBoverhangMin 1 \
		--alignSoftClipAtReferenceEnds No \
		--outFilterType BySJout \
		--outFilterMultimapNmax 1 \
		--outFilterMismatchNmax 10 \
		--outFilterMismatchNoverLmax 0.2 \
		--outMultimapperOrder Random \
		--outSAMattributes All \
		--outSAMstrandField intronMotif\
		--outSAMattrIHstart 0 \
		--outSAMmapqUnique 50 \
		--outFileNamePrefix align/star/inplanta-3KO-022. \
		--readFilesIn /scratch/y95/darcyabjones/rnaseq-workflow/data/inplanta-3KO-022-R1.fastq.gz /scratch/y95/darcyabjones/rnaseq-workflow/data/inplanta-3KO-022-R2.fastq.gz \
	&&  samtools view \
	  	-uT /scratch/y95/darcyabjones/rnaseq-workflow/data/Parastagonospora_nodorum_SN15_scaffolds.fasta \
			align/star/inplanta-3KO-022.Aligned.out.bam \
		|  samtools sort \
		  -O BAM \
			-@ 24 \
			-l 9 \
			-o align/star/inplanta-3KO-022.bam \
	&& rm align/star/inplanta-3KO-022.Aligned.out.bam
Feb 20 16:37:00 ..... Started STAR run
Feb 20 16:37:00 ..... Loading genome
Feb 20 16:37:01 ..... Inserting junctions into the genome indices
Feb 20 16:37:06 ..... Started mapping
Feb 20 16:39:49 ..... Finished successfully
STAR \
		--runThreadN 24 \
		--readFilesCommand zcat \
		--genomeDir genome_index/star \
		--sjdbFileChrStartEnd genome_index/star/*SJ.out.tab \
		--outSAMtype BAM Unsorted \
		--outBAMcompression 1 \
		--outSJfilterReads All \
		--outSJfilterCountUniqueMin 10 5 5 5 \
		--outSJfilterIntronMaxVsReadN 0 1 500 5000 10000 20000 \
		--alignIntronMin 5 \
		--alignIntronMax 10000 \
		--alignSJoverhangMin 10 \
		--alignSJDBoverhangMin 1 \
		--alignSoftClipAtReferenceEnds No \
		--outFilterType BySJout \
		--outFilterMultimapNmax 1 \
		--outFilterMismatchNmax 10 \
		--outFilterMismatchNoverLmax 0.2 \
		--outMultimapperOrder Random \
		--outSAMattributes All \
		--outSAMstrandField intronMotif\
		--outSAMattrIHstart 0 \
		--outSAMmapqUnique 50 \
		--outFileNamePrefix align/star/inplanta-3KO-023. \
		--readFilesIn /scratch/y95/darcyabjones/rnaseq-workflow/data/inplanta-3KO-023-R1.fastq.gz /scratch/y95/darcyabjones/rnaseq-workflow/data/inplanta-3KO-023-R2.fastq.gz \
	&&  samtools view \
	  	-uT /scratch/y95/darcyabjones/rnaseq-workflow/data/Parastagonospora_nodorum_SN15_scaffolds.fasta \
			align/star/inplanta-3KO-023.Aligned.out.bam \
		|  samtools sort \
		  -O BAM \
			-@ 24 \
			-l 9 \
			-o align/star/inplanta-3KO-023.bam \
	&& rm align/star/inplanta-3KO-023.Aligned.out.bam
Feb 20 16:44:04 ..... Started STAR run
Feb 20 16:44:04 ..... Loading genome
Feb 20 16:44:05 ..... Inserting junctions into the genome indices
Feb 20 16:44:10 ..... Started mapping
Feb 20 16:46:17 ..... Finished successfully
STAR \
		--runThreadN 24 \
		--readFilesCommand zcat \
		--genomeDir genome_index/star \
		--sjdbFileChrStartEnd genome_index/star/*SJ.out.tab \
		--outSAMtype BAM Unsorted \
		--outBAMcompression 1 \
		--outSJfilterReads All \
		--outSJfilterCountUniqueMin 10 5 5 5 \
		--outSJfilterIntronMaxVsReadN 0 1 500 5000 10000 20000 \
		--alignIntronMin 5 \
		--alignIntronMax 10000 \
		--alignSJoverhangMin 10 \
		--alignSJDBoverhangMin 1 \
		--alignSoftClipAtReferenceEnds No \
		--outFilterType BySJout \
		--outFilterMultimapNmax 1 \
		--outFilterMismatchNmax 10 \
		--outFilterMismatchNoverLmax 0.2 \
		--outMultimapperOrder Random \
		--outSAMattributes All \
		--outSAMstrandField intronMotif\
		--outSAMattrIHstart 0 \
		--outSAMmapqUnique 50 \
		--outFileNamePrefix align/star/inplanta-Pf2-024. \
		--readFilesIn /scratch/y95/darcyabjones/rnaseq-workflow/data/inplanta-Pf2-024-R1.fastq.gz /scratch/y95/darcyabjones/rnaseq-workflow/data/inplanta-Pf2-024-R2.fastq.gz \
	&&  samtools view \
	  	-uT /scratch/y95/darcyabjones/rnaseq-workflow/data/Parastagonospora_nodorum_SN15_scaffolds.fasta \
			align/star/inplanta-Pf2-024.Aligned.out.bam \
		|  samtools sort \
		  -O BAM \
			-@ 24 \
			-l 9 \
			-o align/star/inplanta-Pf2-024.bam \
	&& rm align/star/inplanta-Pf2-024.Aligned.out.bam
Feb 20 16:49:30 ..... Started STAR run
Feb 20 16:49:30 ..... Loading genome
Feb 20 16:49:31 ..... Inserting junctions into the genome indices
Feb 20 16:49:36 ..... Started mapping
Feb 20 16:50:36 ..... Finished successfully
STAR \
		--runThreadN 24 \
		--readFilesCommand zcat \
		--genomeDir genome_index/star \
		--sjdbFileChrStartEnd genome_index/star/*SJ.out.tab \
		--outSAMtype BAM Unsorted \
		--outBAMcompression 1 \
		--outSJfilterReads All \
		--outSJfilterCountUniqueMin 10 5 5 5 \
		--outSJfilterIntronMaxVsReadN 0 1 500 5000 10000 20000 \
		--alignIntronMin 5 \
		--alignIntronMax 10000 \
		--alignSJoverhangMin 10 \
		--alignSJDBoverhangMin 1 \
		--alignSoftClipAtReferenceEnds No \
		--outFilterType BySJout \
		--outFilterMultimapNmax 1 \
		--outFilterMismatchNmax 10 \
		--outFilterMismatchNoverLmax 0.2 \
		--outMultimapperOrder Random \
		--outSAMattributes All \
		--outSAMstrandField intronMotif\
		--outSAMattrIHstart 0 \
		--outSAMmapqUnique 50 \
		--outFileNamePrefix align/star/inplanta-Pf2-025. \
		--readFilesIn /scratch/y95/darcyabjones/rnaseq-workflow/data/inplanta-Pf2-025-R1.fastq.gz /scratch/y95/darcyabjones/rnaseq-workflow/data/inplanta-Pf2-025-R2.fastq.gz \
	&&  samtools view \
	  	-uT /scratch/y95/darcyabjones/rnaseq-workflow/data/Parastagonospora_nodorum_SN15_scaffolds.fasta \
			align/star/inplanta-Pf2-025.Aligned.out.bam \
		|  samtools sort \
		  -O BAM \
			-@ 24 \
			-l 9 \
			-o align/star/inplanta-Pf2-025.bam \
	&& rm align/star/inplanta-Pf2-025.Aligned.out.bam
Feb 20 16:51:46 ..... Started STAR run
Feb 20 16:51:46 ..... Loading genome
Feb 20 16:51:47 ..... Inserting junctions into the genome indices
Feb 20 16:51:52 ..... Started mapping
Feb 20 16:53:11 ..... Finished successfully
STAR \
		--runThreadN 24 \
		--readFilesCommand zcat \
		--genomeDir genome_index/star \
		--sjdbFileChrStartEnd genome_index/star/*SJ.out.tab \
		--outSAMtype BAM Unsorted \
		--outBAMcompression 1 \
		--outSJfilterReads All \
		--outSJfilterCountUniqueMin 10 5 5 5 \
		--outSJfilterIntronMaxVsReadN 0 1 500 5000 10000 20000 \
		--alignIntronMin 5 \
		--alignIntronMax 10000 \
		--alignSJoverhangMin 10 \
		--alignSJDBoverhangMin 1 \
		--alignSoftClipAtReferenceEnds No \
		--outFilterType BySJout \
		--outFilterMultimapNmax 1 \
		--outFilterMismatchNmax 10 \
		--outFilterMismatchNoverLmax 0.2 \
		--outMultimapperOrder Random \
		--outSAMattributes All \
		--outSAMstrandField intronMotif\
		--outSAMattrIHstart 0 \
		--outSAMmapqUnique 50 \
		--outFileNamePrefix align/star/inplanta-Pf2-026. \
		--readFilesIn /scratch/y95/darcyabjones/rnaseq-workflow/data/inplanta-Pf2-026-R1.fastq.gz /scratch/y95/darcyabjones/rnaseq-workflow/data/inplanta-Pf2-026-R2.fastq.gz \
	&&  samtools view \
	  	-uT /scratch/y95/darcyabjones/rnaseq-workflow/data/Parastagonospora_nodorum_SN15_scaffolds.fasta \
			align/star/inplanta-Pf2-026.Aligned.out.bam \
		|  samtools sort \
		  -O BAM \
			-@ 24 \
			-l 9 \
			-o align/star/inplanta-Pf2-026.bam \
	&& rm align/star/inplanta-Pf2-026.Aligned.out.bam
Feb 20 16:54:54 ..... Started STAR run
Feb 20 16:54:54 ..... Loading genome
Feb 20 16:54:55 ..... Inserting junctions into the genome indices
Feb 20 16:55:00 ..... Started mapping
Feb 20 16:56:34 ..... Finished successfully
STAR \
		--runThreadN 24 \
		--readFilesCommand zcat \
		--genomeDir genome_index/star \
		--sjdbFileChrStartEnd genome_index/star/*SJ.out.tab \
		--outSAMtype BAM Unsorted \
		--outBAMcompression 1 \
		--outSJfilterReads All \
		--outSJfilterCountUniqueMin 10 5 5 5 \
		--outSJfilterIntronMaxVsReadN 0 1 500 5000 10000 20000 \
		--alignIntronMin 5 \
		--alignIntronMax 10000 \
		--alignSJoverhangMin 10 \
		--alignSJDBoverhangMin 1 \
		--alignSoftClipAtReferenceEnds No \
		--outFilterType BySJout \
		--outFilterMultimapNmax 1 \
		--outFilterMismatchNmax 10 \
		--outFilterMismatchNoverLmax 0.2 \
		--outMultimapperOrder Random \
		--outSAMattributes All \
		--outSAMstrandField intronMotif\
		--outSAMattrIHstart 0 \
		--outSAMmapqUnique 50 \
		--outFileNamePrefix align/star/inplanta-Pf2-027. \
		--readFilesIn /scratch/y95/darcyabjones/rnaseq-workflow/data/inplanta-Pf2-027-R1.fastq.gz /scratch/y95/darcyabjones/rnaseq-workflow/data/inplanta-Pf2-027-R2.fastq.gz \
	&&  samtools view \
	  	-uT /scratch/y95/darcyabjones/rnaseq-workflow/data/Parastagonospora_nodorum_SN15_scaffolds.fasta \
			align/star/inplanta-Pf2-027.Aligned.out.bam \
		|  samtools sort \
		  -O BAM \
			-@ 24 \
			-l 9 \
			-o align/star/inplanta-Pf2-027.bam \
	&& rm align/star/inplanta-Pf2-027.Aligned.out.bam
Feb 20 16:58:48 ..... Started STAR run
Feb 20 16:58:48 ..... Loading genome
Feb 20 16:58:49 ..... Inserting junctions into the genome indices
Feb 20 16:58:53 ..... Started mapping
Feb 20 17:00:14 ..... Finished successfully
STAR \
		--runThreadN 24 \
		--readFilesCommand zcat \
		--genomeDir genome_index/star \
		--sjdbFileChrStartEnd genome_index/star/*SJ.out.tab \
		--outSAMtype BAM Unsorted \
		--outBAMcompression 1 \
		--outSJfilterReads All \
		--outSJfilterCountUniqueMin 10 5 5 5 \
		--outSJfilterIntronMaxVsReadN 0 1 500 5000 10000 20000 \
		--alignIntronMin 5 \
		--alignIntronMax 10000 \
		--alignSJoverhangMin 10 \
		--alignSJDBoverhangMin 1 \
		--alignSoftClipAtReferenceEnds No \
		--outFilterType BySJout \
		--outFilterMultimapNmax 1 \
		--outFilterMismatchNmax 10 \
		--outFilterMismatchNoverLmax 0.2 \
		--outMultimapperOrder Random \
		--outSAMattributes All \
		--outSAMstrandField intronMotif\
		--outSAMattrIHstart 0 \
		--outSAMmapqUnique 50 \
		--outFileNamePrefix align/star/inplanta-SN15-016. \
		--readFilesIn /scratch/y95/darcyabjones/rnaseq-workflow/data/inplanta-SN15-016-R1.fastq.gz /scratch/y95/darcyabjones/rnaseq-workflow/data/inplanta-SN15-016-R2.fastq.gz \
	&&  samtools view \
	  	-uT /scratch/y95/darcyabjones/rnaseq-workflow/data/Parastagonospora_nodorum_SN15_scaffolds.fasta \
			align/star/inplanta-SN15-016.Aligned.out.bam \
		|  samtools sort \
		  -O BAM \
			-@ 24 \
			-l 9 \
			-o align/star/inplanta-SN15-016.bam \
	&& rm align/star/inplanta-SN15-016.Aligned.out.bam
Feb 20 17:02:02 ..... Started STAR run
Feb 20 17:02:02 ..... Loading genome
Feb 20 17:02:03 ..... Inserting junctions into the genome indices
Feb 20 17:02:08 ..... Started mapping
Feb 20 17:05:56 ..... Finished successfully
[bam_sort_core] merging from 48 files...
STAR \
		--runThreadN 24 \
		--readFilesCommand zcat \
		--genomeDir genome_index/star \
		--sjdbFileChrStartEnd genome_index/star/*SJ.out.tab \
		--outSAMtype BAM Unsorted \
		--outBAMcompression 1 \
		--outSJfilterReads All \
		--outSJfilterCountUniqueMin 10 5 5 5 \
		--outSJfilterIntronMaxVsReadN 0 1 500 5000 10000 20000 \
		--alignIntronMin 5 \
		--alignIntronMax 10000 \
		--alignSJoverhangMin 10 \
		--alignSJDBoverhangMin 1 \
		--alignSoftClipAtReferenceEnds No \
		--outFilterType BySJout \
		--outFilterMultimapNmax 1 \
		--outFilterMismatchNmax 10 \
		--outFilterMismatchNoverLmax 0.2 \
		--outMultimapperOrder Random \
		--outSAMattributes All \
		--outSAMstrandField intronMotif\
		--outSAMattrIHstart 0 \
		--outSAMmapqUnique 50 \
		--outFileNamePrefix align/star/inplanta-SN15-017. \
		--readFilesIn /scratch/y95/darcyabjones/rnaseq-workflow/data/inplanta-SN15-017-R1.fastq.gz /scratch/y95/darcyabjones/rnaseq-workflow/data/inplanta-SN15-017-R2.fastq.gz \
	&&  samtools view \
	  	-uT /scratch/y95/darcyabjones/rnaseq-workflow/data/Parastagonospora_nodorum_SN15_scaffolds.fasta \
			align/star/inplanta-SN15-017.Aligned.out.bam \
		|  samtools sort \
		  -O BAM \
			-@ 24 \
			-l 9 \
			-o align/star/inplanta-SN15-017.bam \
	&& rm align/star/inplanta-SN15-017.Aligned.out.bam
Feb 20 17:11:44 ..... Started STAR run
Feb 20 17:11:44 ..... Loading genome
Feb 20 17:11:45 ..... Inserting junctions into the genome indices
Feb 20 17:11:50 ..... Started mapping
Feb 20 17:15:36 ..... Finished successfully
[bam_sort_core] merging from 48 files...
STAR \
		--runThreadN 24 \
		--readFilesCommand zcat \
		--genomeDir genome_index/star \
		--sjdbFileChrStartEnd genome_index/star/*SJ.out.tab \
		--outSAMtype BAM Unsorted \
		--outBAMcompression 1 \
		--outSJfilterReads All \
		--outSJfilterCountUniqueMin 10 5 5 5 \
		--outSJfilterIntronMaxVsReadN 0 1 500 5000 10000 20000 \
		--alignIntronMin 5 \
		--alignIntronMax 10000 \
		--alignSJoverhangMin 10 \
		--alignSJDBoverhangMin 1 \
		--alignSoftClipAtReferenceEnds No \
		--outFilterType BySJout \
		--outFilterMultimapNmax 1 \
		--outFilterMismatchNmax 10 \
		--outFilterMismatchNoverLmax 0.2 \
		--outMultimapperOrder Random \
		--outSAMattributes All \
		--outSAMstrandField intronMotif\
		--outSAMattrIHstart 0 \
		--outSAMmapqUnique 50 \
		--outFileNamePrefix align/star/inplanta-SN15-018. \
		--readFilesIn /scratch/y95/darcyabjones/rnaseq-workflow/data/inplanta-SN15-018-R1.fastq.gz /scratch/y95/darcyabjones/rnaseq-workflow/data/inplanta-SN15-018-R2.fastq.gz \
	&&  samtools view \
	  	-uT /scratch/y95/darcyabjones/rnaseq-workflow/data/Parastagonospora_nodorum_SN15_scaffolds.fasta \
			align/star/inplanta-SN15-018.Aligned.out.bam \
		|  samtools sort \
		  -O BAM \
			-@ 24 \
			-l 9 \
			-o align/star/inplanta-SN15-018.bam \
	&& rm align/star/inplanta-SN15-018.Aligned.out.bam
Feb 20 17:21:34 ..... Started STAR run
Feb 20 17:21:34 ..... Loading genome
Feb 20 17:21:35 ..... Inserting junctions into the genome indices
Feb 20 17:21:40 ..... Started mapping
Feb 20 17:25:31 ..... Finished successfully
[bam_sort_core] merging from 48 files...
STAR \
		--runThreadN 24 \
		--readFilesCommand zcat \
		--genomeDir genome_index/star \
		--sjdbFileChrStartEnd genome_index/star/*SJ.out.tab \
		--outSAMtype BAM Unsorted \
		--outBAMcompression 1 \
		--outSJfilterReads All \
		--outSJfilterCountUniqueMin 10 5 5 5 \
		--outSJfilterIntronMaxVsReadN 0 1 500 5000 10000 20000 \
		--alignIntronMin 5 \
		--alignIntronMax 10000 \
		--alignSJoverhangMin 10 \
		--alignSJDBoverhangMin 1 \
		--alignSoftClipAtReferenceEnds No \
		--outFilterType BySJout \
		--outFilterMultimapNmax 1 \
		--outFilterMismatchNmax 10 \
		--outFilterMismatchNoverLmax 0.2 \
		--outMultimapperOrder Random \
		--outSAMattributes All \
		--outSAMstrandField intronMotif\
		--outSAMattrIHstart 0 \
		--outSAMmapqUnique 50 \
		--outFileNamePrefix align/star/inplanta-SN15-019. \
		--readFilesIn /scratch/y95/darcyabjones/rnaseq-workflow/data/inplanta-SN15-019-R1.fastq.gz /scratch/y95/darcyabjones/rnaseq-workflow/data/inplanta-SN15-019-R2.fastq.gz \
	&&  samtools view \
	  	-uT /scratch/y95/darcyabjones/rnaseq-workflow/data/Parastagonospora_nodorum_SN15_scaffolds.fasta \
			align/star/inplanta-SN15-019.Aligned.out.bam \
		|  samtools sort \
		  -O BAM \
			-@ 24 \
			-l 9 \
			-o align/star/inplanta-SN15-019.bam \
	&& rm align/star/inplanta-SN15-019.Aligned.out.bam
Feb 20 17:31:28 ..... Started STAR run
Feb 20 17:31:28 ..... Loading genome
Feb 20 17:31:29 ..... Inserting junctions into the genome indices
Feb 20 17:31:34 ..... Started mapping
Feb 20 17:36:10 ..... Finished successfully
[bam_sort_core] merging from 48 files...
STAR \
		--runThreadN 24 \
		--readFilesCommand zcat \
		--genomeDir genome_index/star \
		--sjdbFileChrStartEnd genome_index/star/*SJ.out.tab \
		--outSAMtype BAM Unsorted \
		--outBAMcompression 1 \
		--outSJfilterReads All \
		--outSJfilterCountUniqueMin 10 5 5 5 \
		--outSJfilterIntronMaxVsReadN 0 1 500 5000 10000 20000 \
		--alignIntronMin 5 \
		--alignIntronMax 10000 \
		--alignSJoverhangMin 10 \
		--alignSJDBoverhangMin 1 \
		--alignSoftClipAtReferenceEnds No \
		--outFilterType BySJout \
		--outFilterMultimapNmax 1 \
		--outFilterMismatchNmax 10 \
		--outFilterMismatchNoverLmax 0.2 \
		--outMultimapperOrder Random \
		--outSAMattributes All \
		--outSAMstrandField intronMotif\
		--outSAMattrIHstart 0 \
		--outSAMmapqUnique 50 \
		--outFileNamePrefix align/star/invitro-3KO-004. \
		--readFilesIn /scratch/y95/darcyabjones/rnaseq-workflow/data/invitro-3KO-004-R1.fastq.gz /scratch/y95/darcyabjones/rnaseq-workflow/data/invitro-3KO-004-R2.fastq.gz \
	&&  samtools view \
	  	-uT /scratch/y95/darcyabjones/rnaseq-workflow/data/Parastagonospora_nodorum_SN15_scaffolds.fasta \
			align/star/invitro-3KO-004.Aligned.out.bam \
		|  samtools sort \
		  -O BAM \
			-@ 24 \
			-l 9 \
			-o align/star/invitro-3KO-004.bam \
	&& rm align/star/invitro-3KO-004.Aligned.out.bam
Feb 20 17:43:21 ..... Started STAR run
Feb 20 17:43:21 ..... Loading genome
Feb 20 17:43:22 ..... Inserting junctions into the genome indices
Feb 20 17:43:26 ..... Started mapping
Feb 20 17:48:11 ..... Finished successfully
[bam_sort_core] merging from 48 files...
STAR \
		--runThreadN 24 \
		--readFilesCommand zcat \
		--genomeDir genome_index/star \
		--sjdbFileChrStartEnd genome_index/star/*SJ.out.tab \
		--outSAMtype BAM Unsorted \
		--outBAMcompression 1 \
		--outSJfilterReads All \
		--outSJfilterCountUniqueMin 10 5 5 5 \
		--outSJfilterIntronMaxVsReadN 0 1 500 5000 10000 20000 \
		--alignIntronMin 5 \
		--alignIntronMax 10000 \
		--alignSJoverhangMin 10 \
		--alignSJDBoverhangMin 1 \
		--alignSoftClipAtReferenceEnds No \
		--outFilterType BySJout \
		--outFilterMultimapNmax 1 \
		--outFilterMismatchNmax 10 \
		--outFilterMismatchNoverLmax 0.2 \
		--outMultimapperOrder Random \
		--outSAMattributes All \
		--outSAMstrandField intronMotif\
		--outSAMattrIHstart 0 \
		--outSAMmapqUnique 50 \
		--outFileNamePrefix align/star/invitro-3KO-005. \
		--readFilesIn /scratch/y95/darcyabjones/rnaseq-workflow/data/invitro-3KO-005-R1.fastq.gz /scratch/y95/darcyabjones/rnaseq-workflow/data/invitro-3KO-005-R2.fastq.gz \
	&&  samtools view \
	  	-uT /scratch/y95/darcyabjones/rnaseq-workflow/data/Parastagonospora_nodorum_SN15_scaffolds.fasta \
			align/star/invitro-3KO-005.Aligned.out.bam \
		|  samtools sort \
		  -O BAM \
			-@ 24 \
			-l 9 \
			-o align/star/invitro-3KO-005.bam \
	&& rm align/star/invitro-3KO-005.Aligned.out.bam
Feb 20 17:55:36 ..... Started STAR run
Feb 20 17:55:36 ..... Loading genome
Feb 20 17:55:38 ..... Inserting junctions into the genome indices
Feb 20 17:55:43 ..... Started mapping
Feb 20 18:00:28 ..... Finished successfully
[bam_sort_core] merging from 48 files...
STAR \
		--runThreadN 24 \
		--readFilesCommand zcat \
		--genomeDir genome_index/star \
		--sjdbFileChrStartEnd genome_index/star/*SJ.out.tab \
		--outSAMtype BAM Unsorted \
		--outBAMcompression 1 \
		--outSJfilterReads All \
		--outSJfilterCountUniqueMin 10 5 5 5 \
		--outSJfilterIntronMaxVsReadN 0 1 500 5000 10000 20000 \
		--alignIntronMin 5 \
		--alignIntronMax 10000 \
		--alignSJoverhangMin 10 \
		--alignSJDBoverhangMin 1 \
		--alignSoftClipAtReferenceEnds No \
		--outFilterType BySJout \
		--outFilterMultimapNmax 1 \
		--outFilterMismatchNmax 10 \
		--outFilterMismatchNoverLmax 0.2 \
		--outMultimapperOrder Random \
		--outSAMattributes All \
		--outSAMstrandField intronMotif\
		--outSAMattrIHstart 0 \
		--outSAMmapqUnique 50 \
		--outFileNamePrefix align/star/invitro-3KO-006. \
		--readFilesIn /scratch/y95/darcyabjones/rnaseq-workflow/data/invitro-3KO-006-R1.fastq.gz /scratch/y95/darcyabjones/rnaseq-workflow/data/invitro-3KO-006-R2.fastq.gz \
	&&  samtools view \
	  	-uT /scratch/y95/darcyabjones/rnaseq-workflow/data/Parastagonospora_nodorum_SN15_scaffolds.fasta \
			align/star/invitro-3KO-006.Aligned.out.bam \
		|  samtools sort \
		  -O BAM \
			-@ 24 \
			-l 9 \
			-o align/star/invitro-3KO-006.bam \
	&& rm align/star/invitro-3KO-006.Aligned.out.bam
Feb 20 18:07:55 ..... Started STAR run
Feb 20 18:07:55 ..... Loading genome
Feb 20 18:07:56 ..... Inserting junctions into the genome indices
Feb 20 18:08:01 ..... Started mapping
Feb 20 18:12:14 ..... Finished successfully
[bam_sort_core] merging from 48 files...
STAR \
		--runThreadN 24 \
		--readFilesCommand zcat \
		--genomeDir genome_index/star \
		--sjdbFileChrStartEnd genome_index/star/*SJ.out.tab \
		--outSAMtype BAM Unsorted \
		--outBAMcompression 1 \
		--outSJfilterReads All \
		--outSJfilterCountUniqueMin 10 5 5 5 \
		--outSJfilterIntronMaxVsReadN 0 1 500 5000 10000 20000 \
		--alignIntronMin 5 \
		--alignIntronMax 10000 \
		--alignSJoverhangMin 10 \
		--alignSJDBoverhangMin 1 \
		--alignSoftClipAtReferenceEnds No \
		--outFilterType BySJout \
		--outFilterMultimapNmax 1 \
		--outFilterMismatchNmax 10 \
		--outFilterMismatchNoverLmax 0.2 \
		--outMultimapperOrder Random \
		--outSAMattributes All \
		--outSAMstrandField intronMotif\
		--outSAMattrIHstart 0 \
		--outSAMmapqUnique 50 \
		--outFileNamePrefix align/star/invitro-3KO-007. \
		--readFilesIn /scratch/y95/darcyabjones/rnaseq-workflow/data/invitro-3KO-007-R1.fastq.gz /scratch/y95/darcyabjones/rnaseq-workflow/data/invitro-3KO-007-R2.fastq.gz \
	&&  samtools view \
	  	-uT /scratch/y95/darcyabjones/rnaseq-workflow/data/Parastagonospora_nodorum_SN15_scaffolds.fasta \
			align/star/invitro-3KO-007.Aligned.out.bam \
		|  samtools sort \
		  -O BAM \
			-@ 24 \
			-l 9 \
			-o align/star/invitro-3KO-007.bam \
	&& rm align/star/invitro-3KO-007.Aligned.out.bam
Feb 20 18:18:57 ..... Started STAR run
Feb 20 18:18:57 ..... Loading genome
Feb 20 18:18:58 ..... Inserting junctions into the genome indices
Feb 20 18:19:03 ..... Started mapping
Feb 20 18:23:31 ..... Finished successfully
[bam_sort_core] merging from 48 files...
STAR \
		--runThreadN 24 \
		--readFilesCommand zcat \
		--genomeDir genome_index/star \
		--sjdbFileChrStartEnd genome_index/star/*SJ.out.tab \
		--outSAMtype BAM Unsorted \
		--outBAMcompression 1 \
		--outSJfilterReads All \
		--outSJfilterCountUniqueMin 10 5 5 5 \
		--outSJfilterIntronMaxVsReadN 0 1 500 5000 10000 20000 \
		--alignIntronMin 5 \
		--alignIntronMax 10000 \
		--alignSJoverhangMin 10 \
		--alignSJDBoverhangMin 1 \
		--alignSoftClipAtReferenceEnds No \
		--outFilterType BySJout \
		--outFilterMultimapNmax 1 \
		--outFilterMismatchNmax 10 \
		--outFilterMismatchNoverLmax 0.2 \
		--outMultimapperOrder Random \
		--outSAMattributes All \
		--outSAMstrandField intronMotif\
		--outSAMattrIHstart 0 \
		--outSAMmapqUnique 50 \
		--outFileNamePrefix align/star/invitro-Pf2-008. \
		--readFilesIn /scratch/y95/darcyabjones/rnaseq-workflow/data/invitro-Pf2-008-R1.fastq.gz /scratch/y95/darcyabjones/rnaseq-workflow/data/invitro-Pf2-008-R2.fastq.gz \
	&&  samtools view \
	  	-uT /scratch/y95/darcyabjones/rnaseq-workflow/data/Parastagonospora_nodorum_SN15_scaffolds.fasta \
			align/star/invitro-Pf2-008.Aligned.out.bam \
		|  samtools sort \
		  -O BAM \
			-@ 24 \
			-l 9 \
			-o align/star/invitro-Pf2-008.bam \
	&& rm align/star/invitro-Pf2-008.Aligned.out.bam
Feb 20 18:31:21 ..... Started STAR run
Feb 20 18:31:38 ..... Loading genome
Feb 20 18:31:53 ..... Inserting junctions into the genome indices
Feb 20 18:31:58 ..... Started mapping
Feb 20 18:37:37 ..... Finished successfully
[bam_sort_core] merging from 48 files...
STAR \
		--runThreadN 24 \
		--readFilesCommand zcat \
		--genomeDir genome_index/star \
		--sjdbFileChrStartEnd genome_index/star/*SJ.out.tab \
		--outSAMtype BAM Unsorted \
		--outBAMcompression 1 \
		--outSJfilterReads All \
		--outSJfilterCountUniqueMin 10 5 5 5 \
		--outSJfilterIntronMaxVsReadN 0 1 500 5000 10000 20000 \
		--alignIntronMin 5 \
		--alignIntronMax 10000 \
		--alignSJoverhangMin 10 \
		--alignSJDBoverhangMin 1 \
		--alignSoftClipAtReferenceEnds No \
		--outFilterType BySJout \
		--outFilterMultimapNmax 1 \
		--outFilterMismatchNmax 10 \
		--outFilterMismatchNoverLmax 0.2 \
		--outMultimapperOrder Random \
		--outSAMattributes All \
		--outSAMstrandField intronMotif\
		--outSAMattrIHstart 0 \
		--outSAMmapqUnique 50 \
		--outFileNamePrefix align/star/invitro-Pf2-009. \
		--readFilesIn /scratch/y95/darcyabjones/rnaseq-workflow/data/invitro-Pf2-009-R1.fastq.gz /scratch/y95/darcyabjones/rnaseq-workflow/data/invitro-Pf2-009-R2.fastq.gz \
	&&  samtools view \
	  	-uT /scratch/y95/darcyabjones/rnaseq-workflow/data/Parastagonospora_nodorum_SN15_scaffolds.fasta \
			align/star/invitro-Pf2-009.Aligned.out.bam \
		|  samtools sort \
		  -O BAM \
			-@ 24 \
			-l 9 \
			-o align/star/invitro-Pf2-009.bam \
	&& rm align/star/invitro-Pf2-009.Aligned.out.bam
Feb 20 18:45:09 ..... Started STAR run
Feb 20 18:45:09 ..... Loading genome
Feb 20 18:45:11 ..... Inserting junctions into the genome indices
Feb 20 18:45:16 ..... Started mapping
Feb 20 18:49:56 ..... Finished successfully
[bam_sort_core] merging from 48 files...
STAR \
		--runThreadN 24 \
		--readFilesCommand zcat \
		--genomeDir genome_index/star \
		--sjdbFileChrStartEnd genome_index/star/*SJ.out.tab \
		--outSAMtype BAM Unsorted \
		--outBAMcompression 1 \
		--outSJfilterReads All \
		--outSJfilterCountUniqueMin 10 5 5 5 \
		--outSJfilterIntronMaxVsReadN 0 1 500 5000 10000 20000 \
		--alignIntronMin 5 \
		--alignIntronMax 10000 \
		--alignSJoverhangMin 10 \
		--alignSJDBoverhangMin 1 \
		--alignSoftClipAtReferenceEnds No \
		--outFilterType BySJout \
		--outFilterMultimapNmax 1 \
		--outFilterMismatchNmax 10 \
		--outFilterMismatchNoverLmax 0.2 \
		--outMultimapperOrder Random \
		--outSAMattributes All \
		--outSAMstrandField intronMotif\
		--outSAMattrIHstart 0 \
		--outSAMmapqUnique 50 \
		--outFileNamePrefix align/star/invitro-Pf2-010. \
		--readFilesIn /scratch/y95/darcyabjones/rnaseq-workflow/data/invitro-Pf2-010-R1.fastq.gz /scratch/y95/darcyabjones/rnaseq-workflow/data/invitro-Pf2-010-R2.fastq.gz \
	&&  samtools view \
	  	-uT /scratch/y95/darcyabjones/rnaseq-workflow/data/Parastagonospora_nodorum_SN15_scaffolds.fasta \
			align/star/invitro-Pf2-010.Aligned.out.bam \
		|  samtools sort \
		  -O BAM \
			-@ 24 \
			-l 9 \
			-o align/star/invitro-Pf2-010.bam \
	&& rm align/star/invitro-Pf2-010.Aligned.out.bam
Feb 20 18:57:15 ..... Started STAR run
Feb 20 18:57:15 ..... Loading genome
Feb 20 18:57:19 ..... Inserting junctions into the genome indices
Feb 20 18:57:24 ..... Started mapping
Feb 20 19:01:43 ..... Finished successfully
[bam_sort_core] merging from 48 files...
STAR \
		--runThreadN 24 \
		--readFilesCommand zcat \
		--genomeDir genome_index/star \
		--sjdbFileChrStartEnd genome_index/star/*SJ.out.tab \
		--outSAMtype BAM Unsorted \
		--outBAMcompression 1 \
		--outSJfilterReads All \
		--outSJfilterCountUniqueMin 10 5 5 5 \
		--outSJfilterIntronMaxVsReadN 0 1 500 5000 10000 20000 \
		--alignIntronMin 5 \
		--alignIntronMax 10000 \
		--alignSJoverhangMin 10 \
		--alignSJDBoverhangMin 1 \
		--alignSoftClipAtReferenceEnds No \
		--outFilterType BySJout \
		--outFilterMultimapNmax 1 \
		--outFilterMismatchNmax 10 \
		--outFilterMismatchNoverLmax 0.2 \
		--outMultimapperOrder Random \
		--outSAMattributes All \
		--outSAMstrandField intronMotif\
		--outSAMattrIHstart 0 \
		--outSAMmapqUnique 50 \
		--outFileNamePrefix align/star/invitro-Pf2-011. \
		--readFilesIn /scratch/y95/darcyabjones/rnaseq-workflow/data/invitro-Pf2-011-R1.fastq.gz /scratch/y95/darcyabjones/rnaseq-workflow/data/invitro-Pf2-011-R2.fastq.gz \
	&&  samtools view \
	  	-uT /scratch/y95/darcyabjones/rnaseq-workflow/data/Parastagonospora_nodorum_SN15_scaffolds.fasta \
			align/star/invitro-Pf2-011.Aligned.out.bam \
		|  samtools sort \
		  -O BAM \
			-@ 24 \
			-l 9 \
			-o align/star/invitro-Pf2-011.bam \
	&& rm align/star/invitro-Pf2-011.Aligned.out.bam
Feb 20 19:08:40 ..... Started STAR run
Feb 20 19:08:40 ..... Loading genome
Feb 20 19:08:41 ..... Inserting junctions into the genome indices
Feb 20 19:08:46 ..... Started mapping
Feb 20 19:13:30 ..... Finished successfully
[bam_sort_core] merging from 48 files...
STAR \
		--runThreadN 24 \
		--readFilesCommand zcat \
		--genomeDir genome_index/star \
		--sjdbFileChrStartEnd genome_index/star/*SJ.out.tab \
		--outSAMtype BAM Unsorted \
		--outBAMcompression 1 \
		--outSJfilterReads All \
		--outSJfilterCountUniqueMin 10 5 5 5 \
		--outSJfilterIntronMaxVsReadN 0 1 500 5000 10000 20000 \
		--alignIntronMin 5 \
		--alignIntronMax 10000 \
		--alignSJoverhangMin 10 \
		--alignSJDBoverhangMin 1 \
		--alignSoftClipAtReferenceEnds No \
		--outFilterType BySJout \
		--outFilterMultimapNmax 1 \
		--outFilterMismatchNmax 10 \
		--outFilterMismatchNoverLmax 0.2 \
		--outMultimapperOrder Random \
		--outSAMattributes All \
		--outSAMstrandField intronMotif\
		--outSAMattrIHstart 0 \
		--outSAMmapqUnique 50 \
		--outFileNamePrefix align/star/invitro-SN15-000. \
		--readFilesIn /scratch/y95/darcyabjones/rnaseq-workflow/data/invitro-SN15-000-R1.fastq.gz /scratch/y95/darcyabjones/rnaseq-workflow/data/invitro-SN15-000-R2.fastq.gz \
	&&  samtools view \
	  	-uT /scratch/y95/darcyabjones/rnaseq-workflow/data/Parastagonospora_nodorum_SN15_scaffolds.fasta \
			align/star/invitro-SN15-000.Aligned.out.bam \
		|  samtools sort \
		  -O BAM \
			-@ 24 \
			-l 9 \
			-o align/star/invitro-SN15-000.bam \
	&& rm align/star/invitro-SN15-000.Aligned.out.bam
Feb 20 19:20:59 ..... Started STAR run
Feb 20 19:20:59 ..... Loading genome
Feb 20 19:21:01 ..... Inserting junctions into the genome indices
Feb 20 19:21:06 ..... Started mapping
Feb 20 19:25:47 ..... Finished successfully
[bam_sort_core] merging from 48 files...
STAR \
		--runThreadN 24 \
		--readFilesCommand zcat \
		--genomeDir genome_index/star \
		--sjdbFileChrStartEnd genome_index/star/*SJ.out.tab \
		--outSAMtype BAM Unsorted \
		--outBAMcompression 1 \
		--outSJfilterReads All \
		--outSJfilterCountUniqueMin 10 5 5 5 \
		--outSJfilterIntronMaxVsReadN 0 1 500 5000 10000 20000 \
		--alignIntronMin 5 \
		--alignIntronMax 10000 \
		--alignSJoverhangMin 10 \
		--alignSJDBoverhangMin 1 \
		--alignSoftClipAtReferenceEnds No \
		--outFilterType BySJout \
		--outFilterMultimapNmax 1 \
		--outFilterMismatchNmax 10 \
		--outFilterMismatchNoverLmax 0.2 \
		--outMultimapperOrder Random \
		--outSAMattributes All \
		--outSAMstrandField intronMotif\
		--outSAMattrIHstart 0 \
		--outSAMmapqUnique 50 \
		--outFileNamePrefix align/star/invitro-SN15-001. \
		--readFilesIn /scratch/y95/darcyabjones/rnaseq-workflow/data/invitro-SN15-001-R1.fastq.gz /scratch/y95/darcyabjones/rnaseq-workflow/data/invitro-SN15-001-R2.fastq.gz \
	&&  samtools view \
	  	-uT /scratch/y95/darcyabjones/rnaseq-workflow/data/Parastagonospora_nodorum_SN15_scaffolds.fasta \
			align/star/invitro-SN15-001.Aligned.out.bam \
		|  samtools sort \
		  -O BAM \
			-@ 24 \
			-l 9 \
			-o align/star/invitro-SN15-001.bam \
	&& rm align/star/invitro-SN15-001.Aligned.out.bam
Feb 20 19:33:13 ..... Started STAR run
Feb 20 19:33:13 ..... Loading genome
Feb 20 19:33:14 ..... Inserting junctions into the genome indices
Feb 20 19:33:19 ..... Started mapping
Feb 20 19:38:06 ..... Finished successfully
[bam_sort_core] merging from 48 files...
STAR \
		--runThreadN 24 \
		--readFilesCommand zcat \
		--genomeDir genome_index/star \
		--sjdbFileChrStartEnd genome_index/star/*SJ.out.tab \
		--outSAMtype BAM Unsorted \
		--outBAMcompression 1 \
		--outSJfilterReads All \
		--outSJfilterCountUniqueMin 10 5 5 5 \
		--outSJfilterIntronMaxVsReadN 0 1 500 5000 10000 20000 \
		--alignIntronMin 5 \
		--alignIntronMax 10000 \
		--alignSJoverhangMin 10 \
		--alignSJDBoverhangMin 1 \
		--alignSoftClipAtReferenceEnds No \
		--outFilterType BySJout \
		--outFilterMultimapNmax 1 \
		--outFilterMismatchNmax 10 \
		--outFilterMismatchNoverLmax 0.2 \
		--outMultimapperOrder Random \
		--outSAMattributes All \
		--outSAMstrandField intronMotif\
		--outSAMattrIHstart 0 \
		--outSAMmapqUnique 50 \
		--outFileNamePrefix align/star/invitro-SN15-002. \
		--readFilesIn /scratch/y95/darcyabjones/rnaseq-workflow/data/invitro-SN15-002-R1.fastq.gz /scratch/y95/darcyabjones/rnaseq-workflow/data/invitro-SN15-002-R2.fastq.gz \
	&&  samtools view \
	  	-uT /scratch/y95/darcyabjones/rnaseq-workflow/data/Parastagonospora_nodorum_SN15_scaffolds.fasta \
			align/star/invitro-SN15-002.Aligned.out.bam \
		|  samtools sort \
		  -O BAM \
			-@ 24 \
			-l 9 \
			-o align/star/invitro-SN15-002.bam \
	&& rm align/star/invitro-SN15-002.Aligned.out.bam
Feb 20 19:45:30 ..... Started STAR run
Feb 20 19:45:30 ..... Loading genome
Feb 20 19:45:34 ..... Inserting junctions into the genome indices
Feb 20 19:45:38 ..... Started mapping
Feb 20 19:49:51 ..... Finished successfully
[bam_sort_core] merging from 48 files...
STAR \
		--runThreadN 24 \
		--readFilesCommand zcat \
		--genomeDir genome_index/star \
		--sjdbFileChrStartEnd genome_index/star/*SJ.out.tab \
		--outSAMtype BAM Unsorted \
		--outBAMcompression 1 \
		--outSJfilterReads All \
		--outSJfilterCountUniqueMin 10 5 5 5 \
		--outSJfilterIntronMaxVsReadN 0 1 500 5000 10000 20000 \
		--alignIntronMin 5 \
		--alignIntronMax 10000 \
		--alignSJoverhangMin 10 \
		--alignSJDBoverhangMin 1 \
		--alignSoftClipAtReferenceEnds No \
		--outFilterType BySJout \
		--outFilterMultimapNmax 1 \
		--outFilterMismatchNmax 10 \
		--outFilterMismatchNoverLmax 0.2 \
		--outMultimapperOrder Random \
		--outSAMattributes All \
		--outSAMstrandField intronMotif\
		--outSAMattrIHstart 0 \
		--outSAMmapqUnique 50 \
		--outFileNamePrefix align/star/invitro-SN15-003. \
		--readFilesIn /scratch/y95/darcyabjones/rnaseq-workflow/data/invitro-SN15-003-R1.fastq.gz /scratch/y95/darcyabjones/rnaseq-workflow/data/invitro-SN15-003-R2.fastq.gz \
	&&  samtools view \
	  	-uT /scratch/y95/darcyabjones/rnaseq-workflow/data/Parastagonospora_nodorum_SN15_scaffolds.fasta \
			align/star/invitro-SN15-003.Aligned.out.bam \
		|  samtools sort \
		  -O BAM \
			-@ 24 \
			-l 9 \
			-o align/star/invitro-SN15-003.bam \
	&& rm align/star/invitro-SN15-003.Aligned.out.bam
Feb 20 19:56:21 ..... Started STAR run
Feb 20 19:56:21 ..... Loading genome
Feb 20 19:56:22 ..... Inserting junctions into the genome indices
Feb 20 19:56:27 ..... Started mapping
Feb 20 20:01:05 ..... Finished successfully
[bam_sort_core] merging from 48 files...
samtools index align/star/inplanta-3KO-020.bam
samtools index align/star/inplanta-3KO-021.bam
samtools index align/star/inplanta-3KO-022.bam
samtools index align/star/inplanta-3KO-023.bam
samtools index align/star/inplanta-Pf2-024.bam
samtools index align/star/inplanta-Pf2-025.bam
samtools index align/star/inplanta-Pf2-026.bam
samtools index align/star/inplanta-Pf2-027.bam
samtools index align/star/inplanta-SN15-016.bam
samtools index align/star/inplanta-SN15-017.bam
samtools index align/star/inplanta-SN15-018.bam
samtools index align/star/inplanta-SN15-019.bam
samtools index align/star/invitro-3KO-004.bam
samtools index align/star/invitro-3KO-005.bam
samtools index align/star/invitro-3KO-006.bam
samtools index align/star/invitro-3KO-007.bam
samtools index align/star/invitro-Pf2-008.bam
samtools index align/star/invitro-Pf2-009.bam
samtools index align/star/invitro-Pf2-010.bam
samtools index align/star/invitro-Pf2-011.bam
samtools index align/star/invitro-SN15-000.bam
samtools index align/star/invitro-SN15-001.bam
samtools index align/star/invitro-SN15-002.bam
samtools index align/star/invitro-SN15-003.bam
	Command being timed: "make star_align"
	User time (seconds): 96652.54
	System time (seconds): 1038.48
	Percent of CPU this job got: 700%
	Elapsed (wall clock) time (h:mm:ss or m:ss): 3:52:19
	Average shared text size (kbytes): 0
	Average unshared data size (kbytes): 0
	Average stack size (kbytes): 0
	Average total size (kbytes): 0
	Maximum resident set size (kbytes): 20716216
	Average resident set size (kbytes): 0
	Major (requiring I/O) page faults: 4
	Minor (reclaiming a frame) page faults: 391281015
	Voluntary context switches: 6984457
	Involuntary context switches: 11223047
	Swaps: 0
	File system inputs: 9616
	File system outputs: 322116320
	Socket messages sent: 0
	Socket messages received: 0
	Signals delivered: 0
	Page size (bytes): 4096
	Exit status: 0
